2023-11-09 19:51:40 [INFO] *** Controller (Ryu) ***

2023-11-09 19:51:40 [WARNING] Unable to contact the remote controller at 127.0.0.1:6633

2023-11-09 19:51:40 [INFO] *** Add 2 switches ***

2023-11-09 19:51:40 [INFO] *** Add Hosts ***

2023-11-09 19:51:40 [INFO] *** Add links ***

2023-11-09 19:51:40 [INFO] (10.00Mbit) 
2023-11-09 19:51:40 [INFO] (10.00Mbit) 
2023-11-09 19:51:40 [INFO] (10.00Mbit) 
2023-11-09 19:51:40 [INFO] (10.00Mbit) 
2023-11-09 19:51:41 [INFO] (10.00Mbit) 
2023-11-09 19:51:41 [INFO] (10.00Mbit) 
2023-11-09 19:51:41 [INFO] (5.00Mbit) 
2023-11-09 19:51:41 [INFO] (5.00Mbit) 
2023-11-09 19:51:41 [INFO] (10.00Mbit) 
2023-11-09 19:51:41 [INFO] (10.00Mbit) 
2023-11-09 19:51:41 [INFO] (10.00Mbit) 
2023-11-09 19:51:41 [INFO] (10.00Mbit) 
2023-11-09 19:51:41 [INFO] (10.00Mbit) 
2023-11-09 19:51:41 [INFO] (10.00Mbit) 
2023-11-09 19:51:41 [INFO] (10.00Mbit) 
2023-11-09 19:51:41 [INFO] (10.00Mbit) 
2023-11-09 19:51:41 [INFO] 
*** Build it ***

2023-11-09 19:51:41 [INFO] *** Configuring hosts

2023-11-09 19:51:41 [INFO] host 
2023-11-09 19:51:41 [INFO] usr 
2023-11-09 19:51:41 [INFO] at1 
2023-11-09 19:51:41 [INFO] at2 
2023-11-09 19:51:41 [INFO] at3 
2023-11-09 19:51:41 [INFO] at4 
2023-11-09 19:51:41 [INFO] at5 
2023-11-09 19:51:41 [INFO] 

2023-11-09 19:51:41 [INFO] *** Start the controller ***

2023-11-09 19:51:41 [INFO] *** Start switches and associate with controller ***

2023-11-09 19:51:41 [INFO] (10.00Mbit) 
2023-11-09 19:51:41 [INFO] (10.00Mbit) 
2023-11-09 19:51:41 [INFO] (10.00Mbit) 
2023-11-09 19:51:41 [INFO] (5.00Mbit) 
2023-11-09 19:51:41 [INFO] (5.00Mbit) 
2023-11-09 19:51:41 [INFO] (10.00Mbit) 
2023-11-09 19:51:41 [INFO] (10.00Mbit) 
2023-11-09 19:51:41 [INFO] (10.00Mbit) 
2023-11-09 19:51:41 [INFO] (10.00Mbit) 
2023-11-09 19:51:41 [INFO] *** Run Mininet's CLI ***

2023-11-09 19:51:41 [INFO] *** Starting CLI:

2023-11-09 19:51:44 [Level 25] 

