2023-11-01 18:40:50 [INFO] *** Controller (Ryu) ***

2023-11-01 18:40:50 [INFO] *** Add 2 switchs ***

2023-11-01 18:40:50 [INFO] *** Add Hosts ***

2023-11-01 18:40:50 [INFO] *** Add links ***

2023-11-01 18:40:50 [INFO] (10.00Mbit) 
2023-11-01 18:40:50 [INFO] (10.00Mbit) 
2023-11-01 18:40:50 [INFO] (10.00Mbit) 
2023-11-01 18:40:50 [INFO] (10.00Mbit) 
2023-11-01 18:40:50 [INFO] (10.00Mbit) 
2023-11-01 18:40:50 [INFO] (10.00Mbit) 
2023-11-01 18:40:50 [INFO] (5.00Mbit) 
2023-11-01 18:40:50 [INFO] (5.00Mbit) 
2023-11-01 18:40:50 [INFO] (10.00Mbit) 
2023-11-01 18:40:50 [INFO] (10.00Mbit) 
2023-11-01 18:40:50 [INFO] (10.00Mbit) 
2023-11-01 18:40:50 [INFO] (10.00Mbit) 
2023-11-01 18:40:50 [INFO] (10.00Mbit) 
2023-11-01 18:40:50 [INFO] (10.00Mbit) 
2023-11-01 18:40:50 [INFO] (10.00Mbit) 
2023-11-01 18:40:50 [INFO] (10.00Mbit) 
2023-11-01 18:40:50 [INFO] 
*** Build it ***

2023-11-01 18:40:50 [INFO] *** Configuring hosts

2023-11-01 18:40:50 [INFO] host 
2023-11-01 18:40:50 [INFO] usr 
2023-11-01 18:40:50 [INFO] at1 
2023-11-01 18:40:50 [INFO] at2 
2023-11-01 18:40:50 [INFO] at3 
2023-11-01 18:40:50 [INFO] at4 
2023-11-01 18:40:50 [INFO] at5 
2023-11-01 18:40:50 [INFO] 

2023-11-01 18:40:50 [INFO] *** Start the controller ***

2023-11-01 18:40:50 [INFO] *** Starting CLI:

2023-11-01 18:43:59 [Level 25] 
Interrupt

2023-11-01 18:44:19 [ERROR] *** Unknown command: wireshark

2023-11-01 18:44:42 [Level 25] 
Interrupt

2023-11-01 18:44:43 [Level 25] 

2023-11-01 18:44:43 [INFO] *** RUN Mininet's CLI ***

