2023-11-07 19:43:37 [INFO] *** Controller (Ryu) ***

2023-11-07 19:43:37 [INFO] *** Add 2 switches ***

2023-11-07 19:43:37 [INFO] *** Add Hosts ***

2023-11-07 19:43:37 [INFO] *** Add links ***

2023-11-07 19:43:37 [INFO] (10.00Mbit) 
2023-11-07 19:43:37 [INFO] (10.00Mbit) 
2023-11-07 19:43:37 [INFO] (10.00Mbit) 
2023-11-07 19:43:37 [INFO] (10.00Mbit) 
2023-11-07 19:43:37 [INFO] (10.00Mbit) 
2023-11-07 19:43:37 [INFO] (10.00Mbit) 
2023-11-07 19:43:37 [INFO] (5.00Mbit) 
2023-11-07 19:43:37 [INFO] (5.00Mbit) 
2023-11-07 19:43:37 [INFO] (10.00Mbit) 
2023-11-07 19:43:37 [INFO] (10.00Mbit) 
2023-11-07 19:43:37 [INFO] (10.00Mbit) 
2023-11-07 19:43:37 [INFO] (10.00Mbit) 
2023-11-07 19:43:37 [INFO] (10.00Mbit) 
2023-11-07 19:43:37 [INFO] (10.00Mbit) 
2023-11-07 19:43:37 [INFO] (10.00Mbit) 
2023-11-07 19:43:37 [INFO] (10.00Mbit) 
2023-11-07 19:43:37 [INFO] 
*** Build it ***

2023-11-07 19:43:37 [INFO] *** Configuring hosts

2023-11-07 19:43:37 [INFO] host 
2023-11-07 19:43:37 [INFO] usr 
2023-11-07 19:43:37 [INFO] at1 
2023-11-07 19:43:37 [INFO] at2 
2023-11-07 19:43:37 [INFO] at3 
2023-11-07 19:43:37 [INFO] at4 
2023-11-07 19:43:37 [INFO] at5 
2023-11-07 19:43:37 [INFO] 

2023-11-07 19:43:37 [INFO] *** Start the controller ***

2023-11-07 19:43:37 [INFO] *** Start switches and associate with controller ***

2023-11-07 19:43:37 [INFO] (10.00Mbit) 
2023-11-07 19:43:37 [INFO] (10.00Mbit) 
2023-11-07 19:43:37 [INFO] (10.00Mbit) 
2023-11-07 19:43:37 [INFO] (5.00Mbit) 
2023-11-07 19:43:37 [INFO] (5.00Mbit) 
2023-11-07 19:43:37 [INFO] (10.00Mbit) 
2023-11-07 19:43:37 [INFO] (10.00Mbit) 
2023-11-07 19:43:38 [INFO] (10.00Mbit) 
2023-11-07 19:43:38 [INFO] (10.00Mbit) 
2023-11-07 19:43:38 [INFO] *** Post-startup configuration ***

2023-11-07 19:43:38 [INFO] *** Run Mininet's CLI ***

2023-11-07 19:43:38 [INFO] *** Starting CLI:

2023-11-07 19:43:55 [Level 25] 
Interrupt

2023-11-07 19:43:55 [INFO] stopping at1 

2023-11-07 19:43:55 [Level 25] 
Interrupt

2023-11-07 19:44:42 [Level 25] 
Interrupt

2023-11-07 19:44:42 [INFO] stopping host 

2023-11-07 19:45:33 [Level 25] 
Interrupt

2023-11-07 19:45:33 [INFO] stopping host 

2023-11-07 19:46:30 [Level 25] 
Interrupt

2023-11-07 19:46:54 [Level 25] 
Interrupt

2023-11-07 19:46:55 [Level 25] 

