2023-11-09 14:07:12 [INFO] *** Controller (Ryu) ***

2023-11-09 14:07:13 [INFO] *** Add 2 switches ***

2023-11-09 14:07:13 [INFO] *** Add Hosts ***

2023-11-09 14:07:13 [INFO] *** Add links ***

2023-11-09 14:07:13 [INFO] (10.00Mbit) 
2023-11-09 14:07:13 [INFO] (10.00Mbit) 
2023-11-09 14:07:13 [INFO] (10.00Mbit) 
2023-11-09 14:07:13 [INFO] (10.00Mbit) 
2023-11-09 14:07:13 [INFO] (10.00Mbit) 
2023-11-09 14:07:13 [INFO] (10.00Mbit) 
2023-11-09 14:07:13 [INFO] (5.00Mbit) 
2023-11-09 14:07:13 [INFO] (5.00Mbit) 
2023-11-09 14:07:13 [INFO] (10.00Mbit) 
2023-11-09 14:07:13 [INFO] (10.00Mbit) 
2023-11-09 14:07:13 [INFO] (10.00Mbit) 
2023-11-09 14:07:13 [INFO] (10.00Mbit) 
2023-11-09 14:07:13 [INFO] (10.00Mbit) 
2023-11-09 14:07:13 [INFO] (10.00Mbit) 
2023-11-09 14:07:13 [INFO] (10.00Mbit) 
2023-11-09 14:07:13 [INFO] (10.00Mbit) 
2023-11-09 14:07:13 [INFO] 
*** Build it ***

2023-11-09 14:07:13 [INFO] *** Configuring hosts

2023-11-09 14:07:13 [INFO] host 
2023-11-09 14:07:13 [INFO] usr 
2023-11-09 14:07:13 [INFO] at1 
2023-11-09 14:07:13 [INFO] at2 
2023-11-09 14:07:13 [INFO] at3 
2023-11-09 14:07:13 [INFO] at4 
2023-11-09 14:07:13 [INFO] at5 
2023-11-09 14:07:13 [INFO] 

2023-11-09 14:07:13 [INFO] *** Start the controller ***

2023-11-09 14:07:13 [INFO] *** Start switches and associate with controller ***

2023-11-09 14:07:13 [INFO] (10.00Mbit) 
2023-11-09 14:07:13 [INFO] (10.00Mbit) 
2023-11-09 14:07:13 [INFO] (10.00Mbit) 
2023-11-09 14:07:13 [INFO] (5.00Mbit) 
2023-11-09 14:07:13 [INFO] (5.00Mbit) 
2023-11-09 14:07:13 [INFO] (10.00Mbit) 
2023-11-09 14:07:13 [INFO] (10.00Mbit) 
2023-11-09 14:07:13 [INFO] (10.00Mbit) 
2023-11-09 14:07:13 [INFO] (10.00Mbit) 
2023-11-09 14:07:13 [INFO] *** Run Mininet's CLI ***

2023-11-09 14:07:13 [INFO] *** Starting CLI:

2023-11-09 14:07:17 [Level 25] *** Ping: testing ping reachability

2023-11-09 14:07:17 [Level 25] host -> 
2023-11-09 14:07:17 [Level 25] usr 
2023-11-09 14:07:17 [Level 25] at1 
2023-11-09 14:07:17 [Level 25] at2 
2023-11-09 14:07:17 [Level 25] at3 
2023-11-09 14:07:17 [Level 25] at4 
2023-11-09 14:07:17 [Level 25] at5 
2023-11-09 14:07:17 [Level 25] 

2023-11-09 14:07:17 [Level 25] usr -> 
2023-11-09 14:07:17 [Level 25] host 
2023-11-09 14:07:17 [Level 25] at1 
2023-11-09 14:07:17 [Level 25] at2 
2023-11-09 14:07:17 [Level 25] at3 
2023-11-09 14:07:17 [Level 25] at4 
2023-11-09 14:07:17 [Level 25] at5 
2023-11-09 14:07:17 [Level 25] 

2023-11-09 14:07:17 [Level 25] at1 -> 
2023-11-09 14:07:17 [Level 25] host 
2023-11-09 14:07:17 [Level 25] usr 
2023-11-09 14:07:17 [Level 25] at2 
2023-11-09 14:07:17 [Level 25] at3 
2023-11-09 14:07:17 [Level 25] at4 
2023-11-09 14:07:17 [Level 25] at5 
2023-11-09 14:07:17 [Level 25] 

2023-11-09 14:07:17 [Level 25] at2 -> 
2023-11-09 14:07:17 [Level 25] host 
2023-11-09 14:07:17 [Level 25] usr 
2023-11-09 14:07:17 [Level 25] at1 
2023-11-09 14:07:17 [Level 25] at3 
2023-11-09 14:07:17 [Level 25] at4 
2023-11-09 14:07:17 [Level 25] at5 
2023-11-09 14:07:17 [Level 25] 

2023-11-09 14:07:17 [Level 25] at3 -> 
2023-11-09 14:07:17 [Level 25] host 
2023-11-09 14:07:17 [Level 25] usr 
2023-11-09 14:07:17 [Level 25] at1 
2023-11-09 14:07:17 [Level 25] at2 
2023-11-09 14:07:17 [Level 25] at4 
2023-11-09 14:07:17 [Level 25] at5 
2023-11-09 14:07:17 [Level 25] 

2023-11-09 14:07:17 [Level 25] at4 -> 
2023-11-09 14:07:17 [Level 25] host 
2023-11-09 14:07:17 [Level 25] usr 
2023-11-09 14:07:17 [Level 25] at1 
2023-11-09 14:07:17 [Level 25] at2 
2023-11-09 14:07:17 [Level 25] at3 
2023-11-09 14:07:17 [Level 25] at5 
2023-11-09 14:07:17 [Level 25] 

2023-11-09 14:07:17 [Level 25] at5 -> 
2023-11-09 14:07:17 [Level 25] host 
2023-11-09 14:07:17 [Level 25] usr 
2023-11-09 14:07:17 [Level 25] at1 
2023-11-09 14:07:17 [Level 25] at2 
2023-11-09 14:07:17 [Level 25] at3 
2023-11-09 14:07:17 [Level 25] at4 
2023-11-09 14:07:17 [Level 25] 

2023-11-09 14:07:17 [Level 25] *** Results: 0% dropped (42/42 received)

2023-11-09 14:07:22 [ERROR] *** Unknown command: ls

2023-11-09 14:07:25 [Level 25] 

