2023-11-01 18:27:29 [INFO] *** Add 2 switchs ***

2023-11-01 18:27:29 [INFO] *** Add Hosts ***

2023-11-01 18:27:29 [INFO] *** Add links ***

2023-11-01 18:27:29 [INFO] () 
2023-11-01 18:27:29 [INFO] () 
2023-11-01 18:27:29 [INFO] 
*** Build it ***

2023-11-01 18:27:29 [INFO] *** Configuring hosts

2023-11-01 18:27:29 [INFO] host 
2023-11-01 18:27:29 [INFO] usr 
2023-11-01 18:27:29 [INFO] at1 
2023-11-01 18:27:29 [INFO] at2 
2023-11-01 18:27:29 [INFO] at3 
2023-11-01 18:27:29 [INFO] at4 
2023-11-01 18:27:29 [INFO] at5 
2023-11-01 18:27:29 [INFO] 

2023-11-01 18:27:29 [INFO] *** Starting CLI:

2023-11-01 18:30:24 [ERROR] *** Unknown command: terminator at1

2023-11-01 18:31:33 [Level 25] *** Ping: testing ping reachability

2023-11-01 18:31:33 [Level 25] host -> 
2023-11-01 18:31:36 [Level 25] X 
2023-11-01 18:31:39 [Level 25] X 
2023-11-01 18:31:42 [Level 25] X 
2023-11-01 18:31:45 [Level 25] X 
2023-11-01 18:31:48 [Level 25] X 
2023-11-01 18:31:51 [Level 25] X 
2023-11-01 18:31:51 [Level 25] 

2023-11-01 18:31:51 [Level 25] usr -> 
2023-11-01 18:31:53 [Level 25] X 
2023-11-01 18:31:56 [Level 25] X 
2023-11-01 18:31:59 [Level 25] X 
2023-11-01 18:32:02 [Level 25] X 
2023-11-01 18:32:05 [Level 25] X 
2023-11-01 18:32:08 [Level 25] X 
2023-11-01 18:32:08 [Level 25] 

2023-11-01 18:32:08 [Level 25] at1 -> 
2023-11-01 18:32:11 [Level 25] X 
2023-11-01 18:32:14 [Level 25] X 
2023-11-01 18:32:17 [Level 25] X 
2023-11-01 18:32:20 [Level 25] X 
2023-11-01 18:32:24 [Level 25] X 
2023-11-01 18:32:27 [Level 25] X 
2023-11-01 18:32:27 [Level 25] 

2023-11-01 18:32:27 [Level 25] at2 -> 
2023-11-01 18:32:30 [Level 25] X 
2023-11-01 18:32:33 [Level 25] X 
2023-11-01 18:32:36 [Level 25] X 
2023-11-01 18:32:39 [Level 25] X 
2023-11-01 18:32:42 [Level 25] X 
2023-11-01 18:32:45 [Level 25] X 
2023-11-01 18:32:45 [Level 25] 

2023-11-01 18:32:45 [Level 25] at3 -> 
2023-11-01 18:32:48 [Level 25] X 
2023-11-01 18:32:51 [Level 25] X 
2023-11-01 18:32:54 [Level 25] X 
2023-11-01 18:32:57 [Level 25] X 
2023-11-01 18:33:00 [Level 25] X 
2023-11-01 18:33:03 [Level 25] X 
2023-11-01 18:33:03 [Level 25] 

2023-11-01 18:33:03 [Level 25] at4 -> 
2023-11-01 18:33:07 [Level 25] X 
2023-11-01 18:33:10 [Level 25] X 
2023-11-01 18:33:13 [Level 25] X 
2023-11-01 18:33:16 [Level 25] X 
2023-11-01 18:33:19 [Level 25] X 
2023-11-01 18:33:22 [Level 25] X 
2023-11-01 18:33:22 [Level 25] 

2023-11-01 18:33:22 [Level 25] at5 -> 
2023-11-01 18:33:25 [Level 25] X 
2023-11-01 18:33:28 [Level 25] X 
2023-11-01 18:33:31 [Level 25] X 
2023-11-01 18:33:34 [Level 25] X 
2023-11-01 18:33:37 [Level 25] X 
2023-11-01 18:33:40 [Level 25] X 
2023-11-01 18:33:40 [Level 25] 

2023-11-01 18:33:40 [Level 25] *** Results: 100% dropped (0/42 received)

2023-11-01 18:37:28 [Level 25] 
Interrupt

2023-11-01 18:37:29 [Level 25] 

