2023-11-01 21:26:46 [INFO] *** Controller (Ryu) ***

2023-11-01 21:26:46 [INFO] *** Add 2 switches ***

2023-11-01 21:26:47 [INFO] *** Add Hosts ***

2023-11-01 21:26:47 [INFO] *** Add links ***

2023-11-01 21:26:47 [INFO] (10.00Mbit) 
2023-11-01 21:26:47 [INFO] (10.00Mbit) 
2023-11-01 21:26:47 [INFO] (10.00Mbit) 
2023-11-01 21:26:47 [INFO] (10.00Mbit) 
2023-11-01 21:26:47 [INFO] (10.00Mbit) 
2023-11-01 21:26:47 [INFO] (10.00Mbit) 
2023-11-01 21:26:47 [INFO] (5.00Mbit) 
2023-11-01 21:26:47 [INFO] (5.00Mbit) 
2023-11-01 21:26:47 [INFO] (10.00Mbit) 
2023-11-01 21:26:47 [INFO] (10.00Mbit) 
2023-11-01 21:26:47 [INFO] (10.00Mbit) 
2023-11-01 21:26:47 [INFO] (10.00Mbit) 
2023-11-01 21:26:47 [INFO] (10.00Mbit) 
2023-11-01 21:26:47 [INFO] (10.00Mbit) 
2023-11-01 21:26:47 [INFO] (10.00Mbit) 
2023-11-01 21:26:47 [INFO] (10.00Mbit) 
2023-11-01 21:26:47 [INFO] 
*** Build it ***

2023-11-01 21:26:47 [INFO] *** Configuring hosts

2023-11-01 21:26:47 [INFO] host 
2023-11-01 21:26:47 [INFO] usr 
2023-11-01 21:26:47 [INFO] at1 
2023-11-01 21:26:47 [INFO] at2 
2023-11-01 21:26:47 [INFO] at3 
2023-11-01 21:26:47 [INFO] at4 
2023-11-01 21:26:47 [INFO] at5 
2023-11-01 21:26:47 [INFO] 

2023-11-01 21:26:47 [INFO] *** Start the controller ***

2023-11-01 21:26:47 [INFO] *** Start switches and associate with controller ***

2023-11-01 21:26:47 [INFO] (10.00Mbit) 
2023-11-01 21:26:47 [INFO] (10.00Mbit) 
2023-11-01 21:26:47 [INFO] (10.00Mbit) 
2023-11-01 21:26:47 [INFO] (5.00Mbit) 
2023-11-01 21:26:47 [INFO] (5.00Mbit) 
2023-11-01 21:26:47 [INFO] (10.00Mbit) 
2023-11-01 21:26:47 [INFO] (10.00Mbit) 
2023-11-01 21:26:47 [INFO] (10.00Mbit) 
2023-11-01 21:26:47 [INFO] (10.00Mbit) 
2023-11-01 21:26:47 [INFO] *** Post-startup configuration ***

2023-11-01 21:26:47 [INFO] *** Run Mininet's CLI ***

2023-11-01 21:26:47 [INFO] *** Starting CLI:

2023-11-01 21:32:32 [Level 25] 
Interrupt

2023-11-01 21:32:33 [Level 25] 

