2023-11-01 22:17:58 [INFO] *** Add 2 switches ***

2023-11-01 22:17:58 [INFO] *** Add Hosts ***

2023-11-01 22:17:58 [INFO] *** Add links ***

2023-11-01 22:17:58 [INFO] (5.00Mbit 20ms delay 10.00000% loss) 
2023-11-01 22:17:58 [INFO] (5.00Mbit 20ms delay 10.00000% loss) 
2023-11-01 22:17:58 [INFO] (5.00Mbit 20ms delay 10.00000% loss) 
2023-11-01 22:17:58 [INFO] (5.00Mbit 20ms delay 10.00000% loss) 
2023-11-01 22:17:58 [INFO] (5.00Mbit 20ms delay 10.00000% loss) 
2023-11-01 22:17:58 [INFO] (5.00Mbit 20ms delay 10.00000% loss) 
2023-11-01 22:17:58 [INFO] (5.00Mbit 20ms delay 10.00000% loss) 
2023-11-01 22:17:58 [INFO] (5.00Mbit 20ms delay 10.00000% loss) 
2023-11-01 22:17:58 [INFO] (5.00Mbit 20ms delay 10.00000% loss) 
2023-11-01 22:17:58 [INFO] (5.00Mbit 20ms delay 10.00000% loss) 
2023-11-01 22:17:58 [INFO] (5.00Mbit 20ms delay 10.00000% loss) 
2023-11-01 22:17:58 [INFO] (5.00Mbit 20ms delay 10.00000% loss) 
2023-11-01 22:17:58 [INFO] (5.00Mbit 20ms delay 10.00000% loss) 
2023-11-01 22:17:58 [INFO] (5.00Mbit 20ms delay 10.00000% loss) 
2023-11-01 22:17:58 [INFO] (5.00Mbit 20ms delay 10.00000% loss) 
2023-11-01 22:17:58 [INFO] (5.00Mbit 20ms delay 10.00000% loss) 
2023-11-01 22:17:58 [INFO] 
*** Build it ***

2023-11-01 22:17:58 [INFO] *** Configuring hosts

2023-11-01 22:17:58 [INFO] host 
2023-11-01 22:17:58 [INFO] usr 
2023-11-01 22:17:58 [INFO] at1 
2023-11-01 22:17:58 [INFO] at2 
2023-11-01 22:17:58 [INFO] at3 
2023-11-01 22:17:58 [INFO] at4 
2023-11-01 22:17:58 [INFO] at5 
2023-11-01 22:17:58 [INFO] 

2023-11-01 22:17:58 [INFO] *** Run Mininet's CLI ***

2023-11-01 22:17:58 [INFO] *** Starting CLI:

2023-11-01 22:18:02 [Level 25] *** Ping: testing ping reachability

2023-11-01 22:18:02 [Level 25] host -> 
2023-11-01 22:18:05 [Level 25] X 
2023-11-01 22:18:08 [Level 25] X 
2023-11-01 22:18:11 [Level 25] X 
2023-11-01 22:18:14 [Level 25] X 
2023-11-01 22:18:17 [Level 25] X 
2023-11-01 22:18:20 [Level 25] X 
2023-11-01 22:18:20 [Level 25] 

2023-11-01 22:18:20 [Level 25] usr -> 
2023-11-01 22:18:23 [Level 25] X 
2023-11-01 22:18:26 [Level 25] X 
2023-11-01 22:18:30 [Level 25] X 
2023-11-01 22:18:33 [Level 25] X 
2023-11-01 22:18:36 [Level 25] X 
2023-11-01 22:18:39 [Level 25] X 
2023-11-01 22:18:39 [Level 25] 

2023-11-01 22:18:39 [Level 25] at1 -> 
2023-11-01 22:18:42 [Level 25] X 
2023-11-01 22:18:45 [Level 25] X 
2023-11-01 22:18:48 [Level 25] X 
2023-11-01 22:18:51 [Level 25] X 
2023-11-01 22:18:54 [Level 25] X 
2023-11-01 22:18:57 [Level 25] X 
2023-11-01 22:18:57 [Level 25] 

2023-11-01 22:18:57 [Level 25] at2 -> 
2023-11-01 22:19:00 [Level 25] X 
2023-11-01 22:19:03 [Level 25] X 
2023-11-01 22:19:06 [Level 25] X 
2023-11-01 22:19:09 [Level 25] X 
2023-11-01 22:19:13 [Level 25] X 
2023-11-01 22:19:16 [Level 25] X 
2023-11-01 22:19:16 [Level 25] 

2023-11-01 22:19:16 [Level 25] at3 -> 
2023-11-01 22:19:19 [Level 25] X 
2023-11-01 22:19:22 [Level 25] X 
2023-11-01 22:19:25 [Level 25] X 
2023-11-01 22:19:28 [Level 25] X 
2023-11-01 22:19:31 [Level 25] X 
2023-11-01 22:19:34 [Level 25] X 
2023-11-01 22:19:34 [Level 25] 

2023-11-01 22:19:34 [Level 25] at4 -> 
2023-11-01 22:19:37 [Level 25] X 
2023-11-01 22:19:40 [Level 25] X 
2023-11-01 22:19:43 [Level 25] X 
2023-11-01 22:19:46 [Level 25] X 
2023-11-01 22:19:49 [Level 25] X 
2023-11-01 22:19:52 [Level 25] X 
2023-11-01 22:19:52 [Level 25] 

2023-11-01 22:19:52 [Level 25] at5 -> 
2023-11-01 22:19:56 [Level 25] X 
2023-11-01 22:19:59 [Level 25] X 
2023-11-01 22:20:02 [Level 25] X 
2023-11-01 22:20:05 [Level 25] X 
2023-11-01 22:20:08 [Level 25] X 
2023-11-01 22:20:11 [Level 25] X 
2023-11-01 22:20:11 [Level 25] 

2023-11-01 22:20:11 [Level 25] *** Results: 100% dropped (0/42 received)

