2023-11-07 19:53:34 [INFO] *** Controller (Ryu) ***

2023-11-07 19:53:34 [INFO] *** Add 2 switches ***

2023-11-07 19:53:34 [INFO] *** Add Hosts ***

2023-11-07 19:53:34 [INFO] *** Add links ***

2023-11-07 19:53:35 [INFO] (10.00Mbit) 
2023-11-07 19:53:35 [INFO] (10.00Mbit) 
2023-11-07 19:53:35 [INFO] (10.00Mbit) 
2023-11-07 19:53:35 [INFO] (10.00Mbit) 
2023-11-07 19:53:35 [INFO] (10.00Mbit) 
2023-11-07 19:53:35 [INFO] (10.00Mbit) 
2023-11-07 19:53:35 [INFO] (5.00Mbit) 
2023-11-07 19:53:35 [INFO] (5.00Mbit) 
2023-11-07 19:53:35 [INFO] (10.00Mbit) 
2023-11-07 19:53:35 [INFO] (10.00Mbit) 
2023-11-07 19:53:35 [INFO] (10.00Mbit) 
2023-11-07 19:53:35 [INFO] (10.00Mbit) 
2023-11-07 19:53:35 [INFO] (10.00Mbit) 
2023-11-07 19:53:35 [INFO] (10.00Mbit) 
2023-11-07 19:53:35 [INFO] (10.00Mbit) 
2023-11-07 19:53:35 [INFO] (10.00Mbit) 
2023-11-07 19:53:35 [INFO] 
*** Build it ***

2023-11-07 19:53:35 [INFO] *** Configuring hosts

2023-11-07 19:53:35 [INFO] host 
2023-11-07 19:53:35 [INFO] usr 
2023-11-07 19:53:35 [INFO] at1 
2023-11-07 19:53:35 [INFO] at2 
2023-11-07 19:53:35 [INFO] at3 
2023-11-07 19:53:35 [INFO] at4 
2023-11-07 19:53:35 [INFO] at5 
2023-11-07 19:53:35 [INFO] 

2023-11-07 19:53:35 [INFO] *** Start the controller ***

2023-11-07 19:53:35 [INFO] *** Start switches and associate with controller ***

2023-11-07 19:53:35 [INFO] (10.00Mbit) 
2023-11-07 19:53:35 [INFO] (10.00Mbit) 
2023-11-07 19:53:35 [INFO] (10.00Mbit) 
2023-11-07 19:53:35 [INFO] (5.00Mbit) 
2023-11-07 19:53:35 [INFO] (5.00Mbit) 
2023-11-07 19:53:35 [INFO] (10.00Mbit) 
2023-11-07 19:53:35 [INFO] (10.00Mbit) 
2023-11-07 19:53:35 [INFO] (10.00Mbit) 
2023-11-07 19:53:35 [INFO] (10.00Mbit) 
2023-11-07 19:53:35 [INFO] *** Post-startup configuration ***

2023-11-07 19:53:35 [INFO] *** Run Mininet's CLI ***

2023-11-07 19:53:35 [INFO] *** Starting CLI:

2023-11-07 19:57:24 [Level 25] 
Interrupt

2023-11-07 19:57:24 [INFO] stopping at1 

2023-11-07 19:58:04 [Level 25] 

