2023-11-09 22:11:01 [INFO] *** Controller (Ryu) ***

2023-11-09 22:11:01 [INFO] *** Add 2 switches ***

2023-11-09 22:11:01 [INFO] *** Add Hosts ***

2023-11-09 22:11:01 [INFO] *** Add links ***

2023-11-09 22:11:01 [INFO] (10.00Mbit) 
2023-11-09 22:11:01 [INFO] (10.00Mbit) 
2023-11-09 22:11:01 [INFO] (10.00Mbit) 
2023-11-09 22:11:01 [INFO] (10.00Mbit) 
2023-11-09 22:11:01 [INFO] (10.00Mbit) 
2023-11-09 22:11:01 [INFO] (10.00Mbit) 
2023-11-09 22:11:01 [INFO] (5.00Mbit) 
2023-11-09 22:11:01 [INFO] (5.00Mbit) 
2023-11-09 22:11:01 [INFO] (10.00Mbit) 
2023-11-09 22:11:01 [INFO] (10.00Mbit) 
2023-11-09 22:11:01 [INFO] (10.00Mbit) 
2023-11-09 22:11:01 [INFO] (10.00Mbit) 
2023-11-09 22:11:01 [INFO] (10.00Mbit) 
2023-11-09 22:11:01 [INFO] (10.00Mbit) 
2023-11-09 22:11:01 [INFO] (10.00Mbit) 
2023-11-09 22:11:01 [INFO] (10.00Mbit) 
2023-11-09 22:11:01 [INFO] 
*** Build it ***

2023-11-09 22:11:01 [INFO] *** Configuring hosts

2023-11-09 22:11:01 [INFO] host 
2023-11-09 22:11:01 [INFO] usr 
2023-11-09 22:11:01 [INFO] at1 
2023-11-09 22:11:01 [INFO] at2 
2023-11-09 22:11:01 [INFO] at3 
2023-11-09 22:11:01 [INFO] at4 
2023-11-09 22:11:01 [INFO] at5 
2023-11-09 22:11:01 [INFO] 

2023-11-09 22:11:01 [INFO] *** Start the controller ***

2023-11-09 22:11:01 [INFO] *** Start switches and associate with controller ***

2023-11-09 22:11:01 [INFO] (10.00Mbit) 
2023-11-09 22:11:01 [INFO] (10.00Mbit) 
2023-11-09 22:11:01 [INFO] (10.00Mbit) 
2023-11-09 22:11:01 [INFO] (5.00Mbit) 
2023-11-09 22:11:01 [INFO] (5.00Mbit) 
2023-11-09 22:11:01 [INFO] (10.00Mbit) 
2023-11-09 22:11:02 [INFO] (10.00Mbit) 
2023-11-09 22:11:02 [INFO] (10.00Mbit) 
2023-11-09 22:11:02 [INFO] (10.00Mbit) 
2023-11-09 22:11:02 [INFO] *** Run Mininet's CLI ***

2023-11-09 22:11:02 [INFO] *** Starting CLI:

2023-11-09 22:11:10 [Level 25] 

