2023-11-01 21:34:03 [INFO] *** Controller (Ryu) ***

2023-11-01 21:34:03 [INFO] *** Add 2 switches ***

2023-11-01 21:34:03 [INFO] *** Add Hosts ***

2023-11-01 21:34:03 [INFO] *** Add links ***

2023-11-01 21:34:03 [INFO] (10.00Mbit) 
2023-11-01 21:34:03 [INFO] (10.00Mbit) 
2023-11-01 21:34:03 [INFO] (10.00Mbit) 
2023-11-01 21:34:03 [INFO] (10.00Mbit) 
2023-11-01 21:34:03 [INFO] (10.00Mbit) 
2023-11-01 21:34:03 [INFO] (10.00Mbit) 
2023-11-01 21:34:03 [INFO] (5.00Mbit) 
2023-11-01 21:34:03 [INFO] (5.00Mbit) 
2023-11-01 21:34:03 [INFO] (10.00Mbit) 
2023-11-01 21:34:03 [INFO] (10.00Mbit) 
2023-11-01 21:34:03 [INFO] (10.00Mbit) 
2023-11-01 21:34:03 [INFO] (10.00Mbit) 
2023-11-01 21:34:03 [INFO] (10.00Mbit) 
2023-11-01 21:34:03 [INFO] (10.00Mbit) 
2023-11-01 21:34:03 [INFO] (10.00Mbit) 
2023-11-01 21:34:03 [INFO] (10.00Mbit) 
2023-11-01 21:34:03 [INFO] 
*** Build it ***

2023-11-01 21:34:03 [INFO] *** Configuring hosts

2023-11-01 21:34:03 [INFO] host 
2023-11-01 21:34:03 [INFO] usr 
2023-11-01 21:34:03 [INFO] at1 
2023-11-01 21:34:03 [INFO] at2 
2023-11-01 21:34:03 [INFO] at3 
2023-11-01 21:34:03 [INFO] at4 
2023-11-01 21:34:03 [INFO] at5 
2023-11-01 21:34:03 [INFO] 

2023-11-01 21:34:03 [INFO] *** Start the controller ***

2023-11-01 21:34:03 [INFO] *** Start switches and associate with controller ***

2023-11-01 21:34:03 [INFO] *** Post-startup configuration ***

2023-11-01 21:34:03 [INFO] *** Run Mininet's CLI ***

2023-11-01 21:34:03 [INFO] *** Starting CLI:

2023-11-01 21:34:09 [Level 25] *** Ping: testing ping reachability

2023-11-01 21:34:09 [Level 25] host -> 
2023-11-01 21:34:12 [Level 25] X 
2023-11-01 21:34:15 [Level 25] X 
2023-11-01 21:34:18 [Level 25] X 
2023-11-01 21:34:22 [Level 25] X 
2023-11-01 21:34:25 [Level 25] X 
2023-11-01 21:34:28 [Level 25] X 
2023-11-01 21:34:28 [Level 25] 

2023-11-01 21:34:28 [Level 25] usr -> 
2023-11-01 21:34:31 [Level 25] X 
2023-11-01 21:34:34 [Level 25] X 
2023-11-01 21:34:37 [Level 25] X 
2023-11-01 21:34:40 [Level 25] X 
2023-11-01 21:34:43 [Level 25] X 
2023-11-01 21:34:46 [Level 25] X 
2023-11-01 21:34:46 [Level 25] 

2023-11-01 21:34:46 [Level 25] at1 -> 
2023-11-01 21:34:49 [Level 25] X 
2023-11-01 21:34:52 [Level 25] X 
2023-11-01 21:34:55 [Level 25] X 
2023-11-01 21:34:58 [Level 25] X 
2023-11-01 21:35:01 [Level 25] X 
2023-11-01 21:35:05 [Level 25] X 
2023-11-01 21:35:05 [Level 25] 

2023-11-01 21:35:05 [Level 25] at2 -> 
2023-11-01 21:35:08 [Level 25] X 
2023-11-01 21:35:11 [Level 25] X 
2023-11-01 21:35:14 [Level 25] X 
2023-11-01 21:35:17 [Level 25] X 
2023-11-01 21:35:20 [Level 25] X 
2023-11-01 21:35:23 [Level 25] X 
2023-11-01 21:35:23 [Level 25] 

2023-11-01 21:35:23 [Level 25] at3 -> 
2023-11-01 21:35:25 [Level 25] 
Interrupt

2023-11-01 21:35:25 [INFO] stopping at3 

2023-11-01 21:35:27 [Level 25] 

