2023-11-07 19:47:05 [INFO] *** Controller (Ryu) ***

2023-11-07 19:47:05 [INFO] *** Add 2 switches ***

2023-11-07 19:47:05 [INFO] *** Add Hosts ***

2023-11-07 19:47:05 [INFO] *** Add links ***

2023-11-07 19:47:06 [INFO] (10.00Mbit) 
2023-11-07 19:47:06 [INFO] (10.00Mbit) 
2023-11-07 19:47:06 [INFO] (10.00Mbit) 
2023-11-07 19:47:06 [INFO] (10.00Mbit) 
2023-11-07 19:47:06 [INFO] (10.00Mbit) 
2023-11-07 19:47:06 [INFO] (10.00Mbit) 
2023-11-07 19:47:06 [INFO] (5.00Mbit) 
2023-11-07 19:47:06 [INFO] (5.00Mbit) 
2023-11-07 19:47:06 [INFO] (10.00Mbit) 
2023-11-07 19:47:06 [INFO] (10.00Mbit) 
2023-11-07 19:47:06 [INFO] (10.00Mbit) 
2023-11-07 19:47:06 [INFO] (10.00Mbit) 
2023-11-07 19:47:06 [INFO] (10.00Mbit) 
2023-11-07 19:47:06 [INFO] (10.00Mbit) 
2023-11-07 19:47:06 [INFO] (10.00Mbit) 
2023-11-07 19:47:06 [INFO] (10.00Mbit) 
2023-11-07 19:47:06 [INFO] 
*** Build it ***

2023-11-07 19:47:06 [INFO] *** Configuring hosts

2023-11-07 19:47:06 [INFO] host 
2023-11-07 19:47:06 [INFO] usr 
2023-11-07 19:47:06 [INFO] at1 
2023-11-07 19:47:06 [INFO] at2 
2023-11-07 19:47:06 [INFO] at3 
2023-11-07 19:47:06 [INFO] at4 
2023-11-07 19:47:06 [INFO] at5 
2023-11-07 19:47:06 [INFO] 

2023-11-07 19:47:06 [INFO] *** Start the controller ***

2023-11-07 19:47:06 [INFO] *** Start switches and associate with controller ***

2023-11-07 19:47:06 [INFO] (10.00Mbit) 
2023-11-07 19:47:06 [INFO] (10.00Mbit) 
2023-11-07 19:47:06 [INFO] (10.00Mbit) 
2023-11-07 19:47:06 [INFO] (5.00Mbit) 
2023-11-07 19:47:06 [INFO] (5.00Mbit) 
2023-11-07 19:47:06 [INFO] (10.00Mbit) 
2023-11-07 19:47:06 [INFO] (10.00Mbit) 
2023-11-07 19:47:06 [INFO] (10.00Mbit) 
2023-11-07 19:47:06 [INFO] (10.00Mbit) 
2023-11-07 19:47:06 [INFO] *** Post-startup configuration ***

2023-11-07 19:47:06 [INFO] *** Run Mininet's CLI ***

2023-11-07 19:47:06 [INFO] *** Starting CLI:

2023-11-07 19:52:51 [Level 25] 
Interrupt

2023-11-07 19:52:52 [INFO] stopping at1 

2023-11-07 19:53:15 [Level 25] 

