2023-11-01 19:05:38 [INFO] *** Controller (Ryu) ***

2023-11-01 19:05:38 [INFO] *** Add 2 switches ***

2023-11-01 19:05:38 [INFO] *** Add Hosts ***

2023-11-01 19:05:38 [INFO] *** Add links ***

2023-11-01 19:05:38 [INFO] (10.00Mbit) 
2023-11-01 19:05:38 [INFO] (10.00Mbit) 
2023-11-01 19:05:38 [INFO] (10.00Mbit) 
2023-11-01 19:05:38 [INFO] (10.00Mbit) 
2023-11-01 19:05:38 [INFO] (10.00Mbit) 
2023-11-01 19:05:38 [INFO] (10.00Mbit) 
2023-11-01 19:05:38 [INFO] (5.00Mbit) 
2023-11-01 19:05:38 [INFO] (5.00Mbit) 
2023-11-01 19:05:38 [INFO] (10.00Mbit) 
2023-11-01 19:05:38 [INFO] (10.00Mbit) 
2023-11-01 19:05:38 [INFO] (10.00Mbit) 
2023-11-01 19:05:38 [INFO] (10.00Mbit) 
2023-11-01 19:05:38 [INFO] (10.00Mbit) 
2023-11-01 19:05:38 [INFO] (10.00Mbit) 
2023-11-01 19:05:38 [INFO] (10.00Mbit) 
2023-11-01 19:05:38 [INFO] (10.00Mbit) 
2023-11-01 19:05:38 [INFO] 
*** Build it ***

2023-11-01 19:05:38 [INFO] *** Configuring hosts

2023-11-01 19:05:38 [INFO] host 
2023-11-01 19:05:38 [INFO] usr 
2023-11-01 19:05:38 [INFO] at1 
2023-11-01 19:05:38 [INFO] at2 
2023-11-01 19:05:38 [INFO] at3 
2023-11-01 19:05:38 [INFO] at4 
2023-11-01 19:05:38 [INFO] at5 
2023-11-01 19:05:38 [INFO] 

2023-11-01 19:05:38 [INFO] *** Start the controller ***

2023-11-01 19:05:38 [INFO] *** Start switches and associate with controller ***

2023-11-01 19:05:39 [INFO] (10.00Mbit) 
2023-11-01 19:05:39 [INFO] (10.00Mbit) 
2023-11-01 19:05:39 [INFO] (10.00Mbit) 
2023-11-01 19:05:39 [INFO] (5.00Mbit) 
2023-11-01 19:05:39 [INFO] (5.00Mbit) 
2023-11-01 19:05:39 [INFO] (10.00Mbit) 
2023-11-01 19:05:39 [INFO] (10.00Mbit) 
2023-11-01 19:05:39 [INFO] (10.00Mbit) 
2023-11-01 19:05:39 [INFO] (10.00Mbit) 
2023-11-01 19:05:39 [INFO] *** Post-startup configuration ***

2023-11-01 19:05:39 [INFO] *** Run Mininet's CLI ***

2023-11-01 19:05:39 [INFO] *** Starting CLI:

2023-11-01 19:06:21 [Level 25] *** Ping: testing ping reachability

2023-11-01 19:06:21 [Level 25] host -> 
2023-11-01 19:06:21 [Level 25] usr 
2023-11-01 19:06:21 [Level 25] at1 
2023-11-01 19:06:21 [Level 25] at2 
2023-11-01 19:06:21 [Level 25] at3 
2023-11-01 19:06:21 [Level 25] at4 
2023-11-01 19:06:21 [Level 25] at5 
2023-11-01 19:06:21 [Level 25] 

2023-11-01 19:06:21 [Level 25] usr -> 
2023-11-01 19:06:21 [Level 25] host 
2023-11-01 19:06:21 [Level 25] at1 
2023-11-01 19:06:21 [Level 25] at2 
2023-11-01 19:06:21 [Level 25] at3 
2023-11-01 19:06:21 [Level 25] at4 
2023-11-01 19:06:21 [Level 25] at5 
2023-11-01 19:06:21 [Level 25] 

2023-11-01 19:06:21 [Level 25] at1 -> 
2023-11-01 19:06:21 [Level 25] host 
2023-11-01 19:06:21 [Level 25] usr 
2023-11-01 19:06:21 [Level 25] at2 
2023-11-01 19:06:21 [Level 25] at3 
2023-11-01 19:06:21 [Level 25] at4 
2023-11-01 19:06:21 [Level 25] at5 
2023-11-01 19:06:21 [Level 25] 

2023-11-01 19:06:21 [Level 25] at2 -> 
2023-11-01 19:06:21 [Level 25] host 
2023-11-01 19:06:21 [Level 25] usr 
2023-11-01 19:06:21 [Level 25] at1 
2023-11-01 19:06:21 [Level 25] at3 
2023-11-01 19:06:21 [Level 25] at4 
2023-11-01 19:06:21 [Level 25] at5 
2023-11-01 19:06:21 [Level 25] 

2023-11-01 19:06:21 [Level 25] at3 -> 
2023-11-01 19:06:21 [Level 25] host 
2023-11-01 19:06:21 [Level 25] usr 
2023-11-01 19:06:21 [Level 25] at1 
2023-11-01 19:06:21 [Level 25] at2 
2023-11-01 19:06:21 [Level 25] at4 
2023-11-01 19:06:21 [Level 25] at5 
2023-11-01 19:06:21 [Level 25] 

2023-11-01 19:06:21 [Level 25] at4 -> 
2023-11-01 19:06:21 [Level 25] host 
2023-11-01 19:06:21 [Level 25] usr 
2023-11-01 19:06:21 [Level 25] at1 
2023-11-01 19:06:21 [Level 25] at2 
2023-11-01 19:06:21 [Level 25] at3 
2023-11-01 19:06:21 [Level 25] at5 
2023-11-01 19:06:21 [Level 25] 

2023-11-01 19:06:21 [Level 25] at5 -> 
2023-11-01 19:06:21 [Level 25] host 
2023-11-01 19:06:21 [Level 25] usr 
2023-11-01 19:06:21 [Level 25] at1 
2023-11-01 19:06:21 [Level 25] at2 
2023-11-01 19:06:21 [Level 25] at3 
2023-11-01 19:06:21 [Level 25] at4 
2023-11-01 19:06:21 [Level 25] 

2023-11-01 19:06:21 [Level 25] *** Results: 0% dropped (42/42 received)

2023-11-01 19:29:51 [Level 25] 

2023-11-01 19:29:51 [INFO] *** Stopping network ***

2023-11-01 19:29:51 [INFO] *** Stopping 1 controllers

2023-11-01 19:29:51 [INFO] c0 
2023-11-01 19:29:51 [INFO] 

2023-11-01 19:29:51 [INFO] *** Stopping 8 terms

2023-11-01 19:29:51 [INFO] *** Stopping 8 links

2023-11-01 19:29:51 [INFO] .
2023-11-01 19:29:51 [INFO] .
2023-11-01 19:29:51 [INFO] .
2023-11-01 19:29:51 [INFO] .
2023-11-01 19:29:51 [INFO] .
2023-11-01 19:29:51 [INFO] .
2023-11-01 19:29:51 [INFO] .
2023-11-01 19:29:51 [INFO] .
2023-11-01 19:29:51 [INFO] 

2023-11-01 19:29:51 [INFO] *** Stopping 2 switches

2023-11-01 19:29:52 [INFO] s1 
2023-11-01 19:29:52 [INFO] s2 
2023-11-01 19:29:52 [INFO] 

2023-11-01 19:29:52 [INFO] *** Stopping 7 hosts

2023-11-01 19:29:52 [INFO] host 
2023-11-01 19:29:52 [INFO] usr 
2023-11-01 19:29:52 [INFO] at1 
2023-11-01 19:29:52 [INFO] at2 
2023-11-01 19:29:52 [INFO] at3 
2023-11-01 19:29:52 [INFO] at4 
2023-11-01 19:29:52 [INFO] at5 
2023-11-01 19:29:52 [INFO] 
*** Done

