2023-11-01 21:37:39 [INFO] *** Controller (Ryu) ***

2023-11-01 21:37:39 [INFO] *** Add 2 switches ***

2023-11-01 21:37:39 [INFO] *** Add Hosts ***

2023-11-01 21:37:39 [INFO] *** Add links ***

2023-11-01 21:37:39 [INFO] 
*** Build it ***

2023-11-01 21:37:39 [INFO] *** Configuring hosts

2023-11-01 21:37:39 [INFO] host 
2023-11-01 21:37:39 [INFO] usr 
2023-11-01 21:37:39 [INFO] at1 
2023-11-01 21:37:39 [INFO] at2 
2023-11-01 21:37:39 [INFO] at3 
2023-11-01 21:37:39 [INFO] at4 
2023-11-01 21:37:39 [INFO] at5 
2023-11-01 21:37:39 [INFO] 

2023-11-01 21:37:39 [INFO] *** Start the controller ***

2023-11-01 21:37:39 [INFO] *** Start switches and associate with controller ***

2023-11-01 21:37:39 [INFO] *** Post-startup configuration ***

2023-11-01 21:37:39 [INFO] *** Run Mininet's CLI ***

2023-11-01 21:37:39 [INFO] *** Starting CLI:

2023-11-01 21:37:44 [Level 25] *** Ping: testing ping reachability

2023-11-01 21:37:44 [Level 25] host -> 
2023-11-01 21:37:47 [Level 25] X 
2023-11-01 21:37:50 [Level 25] X 
2023-11-01 21:37:53 [Level 25] X 
2023-11-01 21:37:56 [Level 25] X 
2023-11-01 21:37:59 [Level 25] X 
2023-11-01 21:38:02 [Level 25] X 
2023-11-01 21:38:02 [Level 25] 

2023-11-01 21:38:02 [Level 25] usr -> 
2023-11-01 21:38:06 [Level 25] X 
2023-11-01 21:38:09 [Level 25] X 
2023-11-01 21:38:12 [Level 25] X 
2023-11-01 21:38:15 [Level 25] X 
2023-11-01 21:38:18 [Level 25] X 
2023-11-01 21:38:21 [Level 25] X 
2023-11-01 21:38:21 [Level 25] 

2023-11-01 21:38:21 [Level 25] at1 -> 
2023-11-01 21:38:24 [Level 25] X 
2023-11-01 21:38:27 [Level 25] X 
2023-11-01 21:38:30 [Level 25] X 
2023-11-01 21:38:33 [Level 25] X 
2023-11-01 21:38:36 [Level 25] X 
2023-11-01 21:38:39 [Level 25] X 
2023-11-01 21:38:39 [Level 25] 

2023-11-01 21:38:39 [Level 25] at2 -> 
2023-11-01 21:38:42 [Level 25] X 
2023-11-01 21:38:45 [Level 25] X 
2023-11-01 21:38:49 [Level 25] X 
2023-11-01 21:38:52 [Level 25] X 
2023-11-01 21:38:55 [Level 25] X 
2023-11-01 21:38:58 [Level 25] X 
2023-11-01 21:38:58 [Level 25] 

2023-11-01 21:38:58 [Level 25] at3 -> 
2023-11-01 21:39:01 [Level 25] X 
2023-11-01 21:39:04 [Level 25] X 
2023-11-01 21:39:07 [Level 25] X 
2023-11-01 21:39:10 [Level 25] X 
2023-11-01 21:39:13 [Level 25] X 
2023-11-01 21:39:16 [Level 25] X 
2023-11-01 21:39:16 [Level 25] 

2023-11-01 21:39:16 [Level 25] at4 -> 
2023-11-01 21:39:19 [Level 25] X 
2023-11-01 21:39:22 [Level 25] X 
2023-11-01 21:39:25 [Level 25] X 
2023-11-01 21:39:25 [Level 25] 
Interrupt

2023-11-01 21:39:25 [INFO] stopping at4 

2023-11-01 21:39:27 [Level 25] 

