2023-11-09 23:02:35 [INFO] *** Controller (Ryu) ***

2023-11-09 23:02:35 [INFO] *** Add 2 switches ***

2023-11-09 23:02:35 [INFO] *** Add Hosts ***

2023-11-09 23:02:35 [INFO] *** Add links ***

2023-11-09 23:02:35 [INFO] (10.00Mbit) 
2023-11-09 23:02:35 [INFO] (10.00Mbit) 
2023-11-09 23:02:35 [INFO] (10.00Mbit) 
2023-11-09 23:02:35 [INFO] (10.00Mbit) 
2023-11-09 23:02:35 [INFO] (10.00Mbit) 
2023-11-09 23:02:35 [INFO] (10.00Mbit) 
2023-11-09 23:02:35 [INFO] (5.00Mbit) 
2023-11-09 23:02:35 [INFO] (5.00Mbit) 
2023-11-09 23:02:35 [INFO] (10.00Mbit) 
2023-11-09 23:02:35 [INFO] (10.00Mbit) 
2023-11-09 23:02:35 [INFO] (10.00Mbit) 
2023-11-09 23:02:35 [INFO] (10.00Mbit) 
2023-11-09 23:02:35 [INFO] (10.00Mbit) 
2023-11-09 23:02:35 [INFO] (10.00Mbit) 
2023-11-09 23:02:35 [INFO] (10.00Mbit) 
2023-11-09 23:02:35 [INFO] (10.00Mbit) 
2023-11-09 23:02:35 [INFO] 
*** Build it ***

2023-11-09 23:02:35 [INFO] *** Configuring hosts

2023-11-09 23:02:35 [INFO] host 
2023-11-09 23:02:35 [INFO] usr 
2023-11-09 23:02:35 [INFO] at1 
2023-11-09 23:02:35 [INFO] at2 
2023-11-09 23:02:35 [INFO] at3 
2023-11-09 23:02:35 [INFO] at4 
2023-11-09 23:02:35 [INFO] at5 
2023-11-09 23:02:35 [INFO] 

2023-11-09 23:02:35 [INFO] *** Start the controller ***

2023-11-09 23:02:35 [INFO] *** Start switches and associate with controller ***

2023-11-09 23:02:35 [INFO] (10.00Mbit) 
2023-11-09 23:02:35 [INFO] (10.00Mbit) 
2023-11-09 23:02:35 [INFO] (10.00Mbit) 
2023-11-09 23:02:35 [INFO] (5.00Mbit) 
2023-11-09 23:02:36 [INFO] (5.00Mbit) 
2023-11-09 23:02:36 [INFO] (10.00Mbit) 
2023-11-09 23:02:36 [INFO] (10.00Mbit) 
2023-11-09 23:02:36 [INFO] (10.00Mbit) 
2023-11-09 23:02:36 [INFO] (10.00Mbit) 
2023-11-09 23:02:36 [INFO] *** Run Mininet's CLI ***

2023-11-09 23:02:36 [INFO] *** Starting CLI:

2023-11-09 23:02:41 [ERROR] node 'user' not in network

2023-11-09 23:03:05 [ERROR] *** Unknown command: xter usr

2023-11-09 23:03:51 [Level 25] [Errno 4] Interrupted system call

2023-11-09 23:03:56 [ERROR] *** Unknown command: xter at1

2023-11-10 18:51:25 [Level 25] 

