2023-11-08 23:10:58 [INFO] *** Controller (Ryu) ***

2023-11-08 23:10:58 [WARNING] Unable to contact the remote controller at 127.0.0.1:6633

2023-11-08 23:10:58 [INFO] *** Add 2 switches ***

2023-11-08 23:10:58 [INFO] *** Add Hosts ***

2023-11-08 23:10:58 [INFO] *** Add links ***

2023-11-08 23:10:58 [INFO] (10.00Mbit) 
2023-11-08 23:10:58 [INFO] (10.00Mbit) 
2023-11-08 23:10:58 [INFO] (10.00Mbit) 
2023-11-08 23:10:58 [INFO] (10.00Mbit) 
2023-11-08 23:10:58 [INFO] (10.00Mbit) 
2023-11-08 23:10:58 [INFO] (10.00Mbit) 
2023-11-08 23:10:58 [INFO] (5.00Mbit) 
2023-11-08 23:10:58 [INFO] (5.00Mbit) 
2023-11-08 23:10:58 [INFO] (10.00Mbit) 
2023-11-08 23:10:58 [INFO] (10.00Mbit) 
2023-11-08 23:10:58 [INFO] (10.00Mbit) 
2023-11-08 23:10:58 [INFO] (10.00Mbit) 
2023-11-08 23:10:58 [INFO] (10.00Mbit) 
2023-11-08 23:10:58 [INFO] (10.00Mbit) 
2023-11-08 23:10:58 [INFO] (10.00Mbit) 
2023-11-08 23:10:59 [INFO] (10.00Mbit) 
2023-11-08 23:10:59 [INFO] 
*** Build it ***

2023-11-08 23:10:59 [INFO] *** Configuring hosts

2023-11-08 23:10:59 [INFO] host 
2023-11-08 23:10:59 [INFO] usr 
2023-11-08 23:10:59 [INFO] at1 
2023-11-08 23:10:59 [INFO] at2 
2023-11-08 23:10:59 [INFO] at3 
2023-11-08 23:10:59 [INFO] at4 
2023-11-08 23:10:59 [INFO] at5 
2023-11-08 23:10:59 [INFO] 

2023-11-08 23:10:59 [INFO] *** Start the controller ***

2023-11-08 23:10:59 [INFO] *** Start switches and associate with controller ***

2023-11-08 23:10:59 [INFO] (10.00Mbit) 
2023-11-08 23:10:59 [INFO] (10.00Mbit) 
2023-11-08 23:10:59 [INFO] (10.00Mbit) 
2023-11-08 23:10:59 [INFO] (5.00Mbit) 
2023-11-08 23:10:59 [INFO] (5.00Mbit) 
2023-11-08 23:10:59 [INFO] (10.00Mbit) 
2023-11-08 23:10:59 [INFO] (10.00Mbit) 
2023-11-08 23:10:59 [INFO] (10.00Mbit) 
2023-11-08 23:10:59 [INFO] (10.00Mbit) 
2023-11-08 23:10:59 [INFO] *** Run Mininet's CLI ***

2023-11-08 23:10:59 [INFO] *** Starting CLI:

2023-11-08 23:11:02 [Level 25] *** Ping: testing ping reachability

2023-11-08 23:11:02 [Level 25] host -> 
2023-11-08 23:11:05 [Level 25] X 
2023-11-08 23:11:08 [Level 25] X 
2023-11-08 23:11:11 [Level 25] 
Interrupt

2023-11-08 23:11:11 [INFO] stopping host 

2023-11-08 23:11:11 [Level 25] 

