2023-11-09 22:57:51 [INFO] *** Controller (Ryu) ***

2023-11-09 22:57:51 [INFO] *** Add 2 switches ***

2023-11-09 22:57:51 [INFO] *** Add Hosts ***

2023-11-09 22:57:51 [INFO] *** Add links ***

2023-11-09 22:57:51 [INFO] (10.00Mbit) 
2023-11-09 22:57:51 [INFO] (10.00Mbit) 
2023-11-09 22:57:51 [INFO] (10.00Mbit) 
2023-11-09 22:57:51 [INFO] (10.00Mbit) 
2023-11-09 22:57:52 [INFO] (10.00Mbit) 
2023-11-09 22:57:52 [INFO] (10.00Mbit) 
2023-11-09 22:57:52 [INFO] (5.00Mbit) 
2023-11-09 22:57:52 [INFO] (5.00Mbit) 
2023-11-09 22:57:52 [INFO] (10.00Mbit) 
2023-11-09 22:57:52 [INFO] (10.00Mbit) 
2023-11-09 22:57:52 [INFO] (10.00Mbit) 
2023-11-09 22:57:52 [INFO] (10.00Mbit) 
2023-11-09 22:57:52 [INFO] (10.00Mbit) 
2023-11-09 22:57:52 [INFO] (10.00Mbit) 
2023-11-09 22:57:52 [INFO] (10.00Mbit) 
2023-11-09 22:57:52 [INFO] (10.00Mbit) 
2023-11-09 22:57:52 [INFO] 
*** Build it ***

2023-11-09 22:57:52 [INFO] *** Configuring hosts

2023-11-09 22:57:52 [INFO] host 
2023-11-09 22:57:52 [INFO] usr 
2023-11-09 22:57:52 [INFO] at1 
2023-11-09 22:57:52 [INFO] at2 
2023-11-09 22:57:52 [INFO] at3 
2023-11-09 22:57:52 [INFO] at4 
2023-11-09 22:57:52 [INFO] at5 
2023-11-09 22:57:52 [INFO] 

2023-11-09 22:57:52 [INFO] *** Start the controller ***

2023-11-09 22:57:52 [INFO] *** Start switches and associate with controller ***

2023-11-09 22:57:52 [INFO] (10.00Mbit) 
2023-11-09 22:57:52 [INFO] (10.00Mbit) 
2023-11-09 22:57:52 [INFO] (10.00Mbit) 
2023-11-09 22:57:52 [INFO] (5.00Mbit) 
2023-11-09 22:57:52 [INFO] (5.00Mbit) 
2023-11-09 22:57:52 [INFO] (10.00Mbit) 
2023-11-09 22:57:52 [INFO] (10.00Mbit) 
2023-11-09 22:57:52 [INFO] (10.00Mbit) 
2023-11-09 22:57:52 [INFO] (10.00Mbit) 
2023-11-09 22:57:52 [INFO] *** Run Mininet's CLI ***

2023-11-09 22:57:52 [INFO] *** Starting CLI:

2023-11-09 23:00:56 [Level 25] 

