2023-11-01 21:49:54 [INFO] *** Add 2 switches ***

2023-11-01 21:49:54 [INFO] *** Add Hosts ***

2023-11-01 21:49:54 [INFO] *** Add links ***

2023-11-01 21:49:54 [INFO] (10.00Mbit) 
2023-11-01 21:49:54 [INFO] (10.00Mbit) 
2023-11-01 21:49:54 [INFO] (10.00Mbit) 
2023-11-01 21:49:54 [INFO] (10.00Mbit) 
2023-11-01 21:49:54 [INFO] (10.00Mbit) 
2023-11-01 21:49:54 [INFO] (10.00Mbit) 
2023-11-01 21:49:54 [INFO] (5.00Mbit) 
2023-11-01 21:49:54 [INFO] (5.00Mbit) 
2023-11-01 21:49:54 [INFO] (10.00Mbit) 
2023-11-01 21:49:54 [INFO] (10.00Mbit) 
2023-11-01 21:49:54 [INFO] (10.00Mbit) 
2023-11-01 21:49:54 [INFO] (10.00Mbit) 
2023-11-01 21:49:54 [INFO] (10.00Mbit) 
2023-11-01 21:49:54 [INFO] (10.00Mbit) 
2023-11-01 21:49:54 [INFO] (10.00Mbit) 
2023-11-01 21:49:54 [INFO] (10.00Mbit) 
2023-11-01 21:49:54 [INFO] 
*** Build it ***

2023-11-01 21:49:54 [INFO] *** Configuring hosts

2023-11-01 21:49:54 [INFO] host 
2023-11-01 21:49:54 [INFO] usr 
2023-11-01 21:49:54 [INFO] at1 
2023-11-01 21:49:54 [INFO] at2 
2023-11-01 21:49:54 [INFO] at3 
2023-11-01 21:49:54 [INFO] at4 
2023-11-01 21:49:54 [INFO] at5 
2023-11-01 21:49:54 [INFO] 

2023-11-01 21:49:54 [INFO] *** Post-startup configuration ***

2023-11-01 21:49:54 [INFO] *** Run Mininet's CLI ***

2023-11-01 21:49:54 [INFO] *** Starting CLI:

2023-11-01 21:50:00 [Level 25] *** Ping: testing ping reachability

2023-11-01 21:50:00 [Level 25] host -> 
2023-11-01 21:50:03 [Level 25] X 
2023-11-01 21:50:06 [Level 25] X 
2023-11-01 21:50:09 [Level 25] X 
2023-11-01 21:50:13 [Level 25] X 
2023-11-01 21:50:16 [Level 25] X 
2023-11-01 21:50:19 [Level 25] X 
2023-11-01 21:50:19 [Level 25] 

2023-11-01 21:50:19 [Level 25] usr -> 
2023-11-01 21:50:22 [Level 25] X 
2023-11-01 21:50:25 [Level 25] X 
2023-11-01 21:50:28 [Level 25] X 
2023-11-01 21:50:31 [Level 25] X 
2023-11-01 21:50:34 [Level 25] X 
2023-11-01 21:50:37 [Level 25] X 
2023-11-01 21:50:37 [Level 25] 

2023-11-01 21:50:37 [Level 25] at1 -> 
2023-11-01 21:50:40 [Level 25] X 
2023-11-01 21:50:43 [Level 25] X 
2023-11-01 21:50:46 [Level 25] X 
2023-11-01 21:50:49 [Level 25] X 
2023-11-01 21:50:52 [Level 25] X 
2023-11-01 21:50:56 [Level 25] X 
2023-11-01 21:50:56 [Level 25] 

2023-11-01 21:50:56 [Level 25] at2 -> 
2023-11-01 21:50:59 [Level 25] X 
2023-11-01 21:51:02 [Level 25] X 
2023-11-01 21:51:05 [Level 25] X 
2023-11-01 21:51:08 [Level 25] X 
2023-11-01 21:51:11 [Level 25] X 
2023-11-01 21:51:14 [Level 25] X 
2023-11-01 21:51:14 [Level 25] 

2023-11-01 21:51:14 [Level 25] at3 -> 
2023-11-01 21:51:17 [Level 25] X 
2023-11-01 21:51:20 [Level 25] X 
2023-11-01 21:51:23 [Level 25] X 
2023-11-01 21:51:26 [Level 25] X 
2023-11-01 21:51:29 [Level 25] X 
2023-11-01 21:51:32 [Level 25] X 
2023-11-01 21:51:32 [Level 25] 

2023-11-01 21:51:32 [Level 25] at4 -> 
2023-11-01 21:51:35 [Level 25] X 
2023-11-01 21:51:39 [Level 25] X 
2023-11-01 21:51:42 [Level 25] X 
2023-11-01 21:51:45 [Level 25] X 
2023-11-01 21:51:45 [Level 25] 
Interrupt

2023-11-01 21:51:45 [INFO] stopping at4 

2023-11-01 21:51:45 [Level 25] 

2023-11-01 21:51:45 [INFO] *** Stopping network ***

2023-11-01 21:51:45 [INFO] *** Stopping 0 controllers

2023-11-01 21:51:45 [INFO] 

2023-11-01 21:51:45 [INFO] *** Stopping 8 links

2023-11-01 21:51:45 [INFO] .
2023-11-01 21:51:45 [INFO] .
2023-11-01 21:51:45 [INFO] .
2023-11-01 21:51:45 [INFO] .
2023-11-01 21:51:45 [INFO] .
2023-11-01 21:51:45 [INFO] .
2023-11-01 21:51:45 [INFO] .
2023-11-01 21:51:45 [INFO] .
2023-11-01 21:51:45 [INFO] 

2023-11-01 21:51:45 [INFO] *** Stopping 2 switches

2023-11-01 21:51:45 [INFO] s1 
2023-11-01 21:51:45 [INFO] s2 
2023-11-01 21:51:45 [INFO] 

2023-11-01 21:51:45 [INFO] *** Stopping 7 hosts

2023-11-01 21:51:45 [INFO] host 
2023-11-01 21:51:45 [INFO] usr 
2023-11-01 21:51:45 [INFO] at1 
2023-11-01 21:51:45 [INFO] at2 
2023-11-01 21:51:45 [INFO] at3 
2023-11-01 21:51:45 [INFO] at4 
2023-11-01 21:51:45 [INFO] at5 
2023-11-01 21:51:45 [INFO] 
*** Done

