2023-11-09 20:30:01 [INFO] *** Controller (Ryu) ***

2023-11-09 20:30:01 [INFO] *** Add 2 switches ***

2023-11-09 20:30:01 [INFO] *** Add Hosts ***

2023-11-09 20:30:01 [INFO] *** Add links ***

2023-11-09 20:30:01 [INFO] (10.00Mbit) 
2023-11-09 20:30:01 [INFO] (10.00Mbit) 
2023-11-09 20:30:01 [INFO] (10.00Mbit) 
2023-11-09 20:30:01 [INFO] (10.00Mbit) 
2023-11-09 20:30:01 [INFO] (10.00Mbit) 
2023-11-09 20:30:01 [INFO] (10.00Mbit) 
2023-11-09 20:30:01 [INFO] (5.00Mbit) 
2023-11-09 20:30:01 [INFO] (5.00Mbit) 
2023-11-09 20:30:01 [INFO] (10.00Mbit) 
2023-11-09 20:30:02 [INFO] (10.00Mbit) 
2023-11-09 20:30:02 [INFO] (10.00Mbit) 
2023-11-09 20:30:02 [INFO] (10.00Mbit) 
2023-11-09 20:30:02 [INFO] (10.00Mbit) 
2023-11-09 20:30:02 [INFO] (10.00Mbit) 
2023-11-09 20:30:02 [INFO] (10.00Mbit) 
2023-11-09 20:30:02 [INFO] (10.00Mbit) 
2023-11-09 20:30:02 [INFO] 
*** Build it ***

2023-11-09 20:30:02 [INFO] *** Configuring hosts

2023-11-09 20:30:02 [INFO] host 
2023-11-09 20:30:02 [INFO] usr 
2023-11-09 20:30:02 [INFO] at1 
2023-11-09 20:30:02 [INFO] at2 
2023-11-09 20:30:02 [INFO] at3 
2023-11-09 20:30:02 [INFO] at4 
2023-11-09 20:30:02 [INFO] at5 
2023-11-09 20:30:02 [INFO] 

2023-11-09 20:30:02 [INFO] *** Start the controller ***

2023-11-09 20:30:02 [INFO] *** Start switches and associate with controller ***

2023-11-09 20:30:02 [INFO] (10.00Mbit) 
2023-11-09 20:30:02 [INFO] (10.00Mbit) 
2023-11-09 20:30:02 [INFO] (10.00Mbit) 
2023-11-09 20:30:02 [INFO] (5.00Mbit) 
2023-11-09 20:30:02 [INFO] (5.00Mbit) 
2023-11-09 20:30:02 [INFO] (10.00Mbit) 
2023-11-09 20:30:02 [INFO] (10.00Mbit) 
2023-11-09 20:30:02 [INFO] (10.00Mbit) 
2023-11-09 20:30:02 [INFO] (10.00Mbit) 
2023-11-09 20:30:02 [INFO] *** Run Mininet's CLI ***

2023-11-09 20:30:02 [INFO] *** Starting CLI:

2023-11-09 20:30:16 [Level 25] *** Ping: testing ping reachability

2023-11-09 20:30:16 [Level 25] host -> 
2023-11-09 20:30:16 [Level 25] usr 
2023-11-09 20:30:16 [Level 25] at1 
2023-11-09 20:30:26 [Level 25] X 
2023-11-09 20:30:36 [Level 25] X 
2023-11-09 20:30:39 [Level 25] X 
2023-11-09 20:30:42 [Level 25] X 
2023-11-09 20:30:42 [Level 25] 

2023-11-09 20:30:42 [Level 25] usr -> 
2023-11-09 20:30:42 [Level 25] host 
2023-11-09 20:30:52 [Level 25] X 
2023-11-09 20:31:02 [Level 25] X 
2023-11-09 20:31:12 [Level 25] X 
2023-11-09 20:31:15 [Level 25] X 
2023-11-09 20:31:18 [Level 25] X 
2023-11-09 20:31:18 [Level 25] 

2023-11-09 20:31:18 [Level 25] at1 -> 
2023-11-09 20:31:28 [Level 25] X 
2023-11-09 20:31:38 [Level 25] X 
2023-11-09 20:31:48 [Level 25] X 
2023-11-09 20:31:58 [Level 25] X 
2023-11-09 20:32:01 [Level 25] X 
2023-11-09 20:32:04 [Level 25] X 
2023-11-09 20:32:04 [Level 25] 

2023-11-09 20:32:04 [Level 25] at2 -> 
2023-11-09 20:32:14 [Level 25] X 
2023-11-09 20:32:24 [Level 25] X 
2023-11-09 20:32:28 [Level 25] 
Interrupt

2023-11-09 20:32:28 [INFO] stopping at2 

2023-11-09 20:33:06 [Level 25] 

