2023-11-07 19:59:21 [INFO] *** Controller (Ryu) ***

2023-11-07 19:59:21 [INFO] *** Add 2 switches ***

2023-11-07 19:59:21 [INFO] *** Add Hosts ***

2023-11-07 19:59:21 [INFO] *** Add links ***

2023-11-07 19:59:21 [INFO] (10.00Mbit) 
2023-11-07 19:59:21 [INFO] (10.00Mbit) 
2023-11-07 19:59:21 [INFO] (10.00Mbit) 
2023-11-07 19:59:21 [INFO] (10.00Mbit) 
2023-11-07 19:59:21 [INFO] (10.00Mbit) 
2023-11-07 19:59:21 [INFO] (10.00Mbit) 
2023-11-07 19:59:21 [INFO] (5.00Mbit) 
2023-11-07 19:59:21 [INFO] (5.00Mbit) 
2023-11-07 19:59:21 [INFO] (10.00Mbit) 
2023-11-07 19:59:21 [INFO] (10.00Mbit) 
2023-11-07 19:59:21 [INFO] (10.00Mbit) 
2023-11-07 19:59:21 [INFO] (10.00Mbit) 
2023-11-07 19:59:21 [INFO] (10.00Mbit) 
2023-11-07 19:59:21 [INFO] (10.00Mbit) 
2023-11-07 19:59:21 [INFO] (10.00Mbit) 
2023-11-07 19:59:21 [INFO] (10.00Mbit) 
2023-11-07 19:59:21 [INFO] 
*** Build it ***

2023-11-07 19:59:21 [INFO] *** Configuring hosts

2023-11-07 19:59:21 [INFO] host 
2023-11-07 19:59:21 [INFO] usr 
2023-11-07 19:59:21 [INFO] at1 
2023-11-07 19:59:21 [INFO] at2 
2023-11-07 19:59:21 [INFO] at3 
2023-11-07 19:59:21 [INFO] at4 
2023-11-07 19:59:21 [INFO] at5 
2023-11-07 19:59:21 [INFO] 

2023-11-07 19:59:21 [INFO] *** Start the controller ***

2023-11-07 19:59:21 [INFO] *** Start switches and associate with controller ***

2023-11-07 19:59:21 [INFO] (10.00Mbit) 
2023-11-07 19:59:21 [INFO] (10.00Mbit) 
2023-11-07 19:59:21 [INFO] (10.00Mbit) 
2023-11-07 19:59:21 [INFO] (5.00Mbit) 
2023-11-07 19:59:21 [INFO] (5.00Mbit) 
2023-11-07 19:59:21 [INFO] (10.00Mbit) 
2023-11-07 19:59:21 [INFO] (10.00Mbit) 
2023-11-07 19:59:21 [INFO] (10.00Mbit) 
2023-11-07 19:59:21 [INFO] (10.00Mbit) 
2023-11-07 19:59:21 [INFO] *** Post-startup configuration ***

2023-11-07 19:59:21 [INFO] *** Run Mininet's CLI ***

2023-11-07 19:59:21 [INFO] *** Starting CLI:

2023-11-07 19:59:41 [Level 25] bash: 10.0.0.2: command not found

2023-11-07 20:02:17 [Level 25] 
Interrupt

2023-11-07 20:02:17 [INFO] stopping at1 

2023-11-07 20:14:39 [Level 25] 

