2023-11-08 23:10:20 [INFO] *** Add 2 switches ***

2023-11-08 23:10:20 [INFO] *** Add Hosts ***

2023-11-08 23:10:20 [INFO] *** Add links ***

2023-11-08 23:10:20 [INFO] (10.00Mbit) 
2023-11-08 23:10:20 [INFO] (10.00Mbit) 
2023-11-08 23:10:20 [INFO] (10.00Mbit) 
2023-11-08 23:10:20 [INFO] (10.00Mbit) 
2023-11-08 23:10:20 [INFO] (10.00Mbit) 
2023-11-08 23:10:20 [INFO] (10.00Mbit) 
2023-11-08 23:10:20 [INFO] (50.00Mbit 30ms delay 10.00000% loss) 
2023-11-08 23:10:20 [INFO] (50.00Mbit 30ms delay 10.00000% loss) 
2023-11-08 23:10:21 [INFO] (10.00Mbit) 
2023-11-08 23:10:21 [INFO] (10.00Mbit) 
2023-11-08 23:10:21 [INFO] (10.00Mbit) 
2023-11-08 23:10:21 [INFO] (10.00Mbit) 
2023-11-08 23:10:21 [INFO] (10.00Mbit) 
2023-11-08 23:10:21 [INFO] (10.00Mbit) 
2023-11-08 23:10:21 [INFO] (10.00Mbit) 
2023-11-08 23:10:21 [INFO] (10.00Mbit) 
2023-11-08 23:10:21 [INFO] 
*** Build it ***

2023-11-08 23:10:21 [INFO] *** Configuring hosts

2023-11-08 23:10:21 [INFO] host 
2023-11-08 23:10:21 [INFO] usr 
2023-11-08 23:10:21 [INFO] at1 
2023-11-08 23:10:21 [INFO] at2 
2023-11-08 23:10:21 [INFO] at3 
2023-11-08 23:10:21 [INFO] at4 
2023-11-08 23:10:21 [INFO] at5 
2023-11-08 23:10:21 [INFO] 

2023-11-08 23:10:21 [INFO] *** Set switches ***

2023-11-08 23:10:21 [INFO] *** Run Mininet's CLI ***

2023-11-08 23:10:21 [INFO] *** Starting CLI:

2023-11-08 23:10:26 [Level 25] *** Ping: testing ping reachability

2023-11-08 23:10:26 [Level 25] host -> 
2023-11-08 23:10:29 [Level 25] X 
2023-11-08 23:10:31 [Level 25] 
Interrupt

2023-11-08 23:10:31 [INFO] stopping host 

2023-11-08 23:10:35 [ERROR] Error: Cannot connect to display

2023-11-08 23:10:41 [Level 25] 

