2023-11-09 14:07:45 [INFO] *** Add 2 switches ***

2023-11-09 14:07:45 [INFO] *** Add Hosts ***

2023-11-09 14:07:45 [INFO] *** Add links ***

2023-11-09 14:07:45 [INFO] (10.00Mbit) 
2023-11-09 14:07:45 [INFO] (10.00Mbit) 
2023-11-09 14:07:45 [INFO] (10.00Mbit) 
2023-11-09 14:07:45 [INFO] (10.00Mbit) 
2023-11-09 14:07:45 [INFO] (10.00Mbit) 
2023-11-09 14:07:45 [INFO] (10.00Mbit) 
2023-11-09 14:07:45 [INFO] (50.00Mbit 30ms delay 10.00000% loss) 
2023-11-09 14:07:45 [INFO] (50.00Mbit 30ms delay 10.00000% loss) 
2023-11-09 14:07:45 [INFO] (10.00Mbit) 
2023-11-09 14:07:45 [INFO] (10.00Mbit) 
2023-11-09 14:07:45 [INFO] (10.00Mbit) 
2023-11-09 14:07:45 [INFO] (10.00Mbit) 
2023-11-09 14:07:45 [INFO] (10.00Mbit) 
2023-11-09 14:07:45 [INFO] (10.00Mbit) 
2023-11-09 14:07:45 [INFO] (10.00Mbit) 
2023-11-09 14:07:45 [INFO] (10.00Mbit) 
2023-11-09 14:07:45 [INFO] 
*** Build it ***

2023-11-09 14:07:45 [INFO] *** Configuring hosts

2023-11-09 14:07:45 [INFO] host 
2023-11-09 14:07:45 [INFO] usr 
2023-11-09 14:07:45 [INFO] at1 
2023-11-09 14:07:45 [INFO] at2 
2023-11-09 14:07:45 [INFO] at3 
2023-11-09 14:07:45 [INFO] at4 
2023-11-09 14:07:45 [INFO] at5 
2023-11-09 14:07:45 [INFO] 

2023-11-09 14:07:45 [INFO] *** Set switches ***

2023-11-09 14:07:45 [INFO] *** Run Mininet's CLI ***

2023-11-09 14:07:45 [INFO] *** Starting CLI:

2023-11-09 14:07:52 [ERROR] *** Unknown command: ls

2023-11-09 14:07:56 [Level 25] *** Ping: testing ping reachability

2023-11-09 14:07:56 [Level 25] host -> 
2023-11-09 14:07:59 [Level 25] X 
2023-11-09 14:08:01 [Level 25] 
Interrupt

2023-11-09 14:08:01 [INFO] stopping host 

2023-11-09 14:08:03 [Level 25] 

