2023-11-08 23:08:09 [INFO] *** Add 2 switches ***

2023-11-08 23:08:09 [INFO] *** Add Hosts ***

2023-11-08 23:08:09 [INFO] *** Add links ***

2023-11-08 23:08:09 [INFO] (10.00Mbit) 
2023-11-08 23:08:09 [INFO] (10.00Mbit) 
2023-11-08 23:08:09 [INFO] (10.00Mbit) 
2023-11-08 23:08:09 [INFO] (10.00Mbit) 
2023-11-08 23:08:09 [INFO] (10.00Mbit) 
2023-11-08 23:08:09 [INFO] (10.00Mbit) 
2023-11-08 23:08:09 [INFO] (50.00Mbit 30ms delay 10.00000% loss) 
2023-11-08 23:08:09 [INFO] (50.00Mbit 30ms delay 10.00000% loss) 
2023-11-08 23:08:09 [INFO] (10.00Mbit) 
2023-11-08 23:08:09 [INFO] (10.00Mbit) 
2023-11-08 23:08:09 [INFO] (10.00Mbit) 
2023-11-08 23:08:09 [INFO] (10.00Mbit) 
2023-11-08 23:08:09 [INFO] (10.00Mbit) 
2023-11-08 23:08:09 [INFO] (10.00Mbit) 
2023-11-08 23:08:09 [INFO] (10.00Mbit) 
2023-11-08 23:08:09 [INFO] (10.00Mbit) 
2023-11-08 23:08:09 [INFO] 
*** Build it ***

2023-11-08 23:08:09 [INFO] *** Configuring hosts

2023-11-08 23:08:09 [INFO] host 
2023-11-08 23:08:09 [INFO] usr 
2023-11-08 23:08:09 [INFO] at1 
2023-11-08 23:08:09 [INFO] at2 
2023-11-08 23:08:09 [INFO] at3 
2023-11-08 23:08:09 [INFO] at4 
2023-11-08 23:08:09 [INFO] at5 
2023-11-08 23:08:09 [INFO] 

2023-11-08 23:08:09 [INFO] *** Set switches ***

2023-11-08 23:08:09 [INFO] *** Run Mininet's CLI ***

2023-11-08 23:08:09 [INFO] *** Starting CLI:

2023-11-08 23:08:11 [Level 25] *** Ping: testing ping reachability

2023-11-08 23:08:11 [Level 25] host -> 
2023-11-08 23:08:14 [Level 25] X 
2023-11-08 23:08:14 [Level 25] 
Interrupt

2023-11-08 23:08:14 [INFO] stopping host 

2023-11-08 23:09:36 [Level 25] 

