2023-11-08 23:00:41 [INFO] *** Add 2 switches ***

2023-11-08 23:00:41 [INFO] *** Add Hosts ***

2023-11-08 23:00:41 [INFO] *** Add links ***

2023-11-08 23:00:41 [INFO] (10.00Mbit) 
2023-11-08 23:00:41 [INFO] (10.00Mbit) 
2023-11-08 23:00:41 [INFO] (10.00Mbit) 
2023-11-08 23:00:41 [INFO] (10.00Mbit) 
2023-11-08 23:00:41 [INFO] (10.00Mbit) 
2023-11-08 23:00:41 [INFO] (10.00Mbit) 
2023-11-08 23:00:41 [INFO] (5.00Mbit) 
2023-11-08 23:00:41 [INFO] (5.00Mbit) 
2023-11-08 23:00:41 [INFO] (10.00Mbit) 
2023-11-08 23:00:41 [INFO] (10.00Mbit) 
2023-11-08 23:00:41 [INFO] (10.00Mbit) 
2023-11-08 23:00:41 [INFO] (10.00Mbit) 
2023-11-08 23:00:42 [INFO] (10.00Mbit) 
2023-11-08 23:00:42 [INFO] (10.00Mbit) 
2023-11-08 23:00:42 [INFO] (10.00Mbit) 
2023-11-08 23:00:42 [INFO] (10.00Mbit) 
2023-11-08 23:00:42 [INFO] 
*** Build it ***

2023-11-08 23:00:42 [INFO] *** Configuring hosts

2023-11-08 23:00:42 [INFO] host 
2023-11-08 23:00:42 [INFO] usr 
2023-11-08 23:00:42 [INFO] at1 
2023-11-08 23:00:42 [INFO] at2 
2023-11-08 23:00:42 [INFO] at3 
2023-11-08 23:00:42 [INFO] at4 
2023-11-08 23:00:42 [INFO] at5 
2023-11-08 23:00:42 [INFO] 

2023-11-08 23:00:42 [INFO] *** Set switches ***

2023-11-08 23:00:42 [INFO] *** Run Mininet's CLI ***

2023-11-08 23:00:42 [INFO] *** Starting CLI:

2023-11-08 23:00:45 [Level 25] *** Ping: testing ping reachability

2023-11-08 23:00:45 [Level 25] host -> 
2023-11-08 23:00:48 [Level 25] X 
2023-11-08 23:00:51 [Level 25] X 
2023-11-08 23:00:54 [Level 25] X 
2023-11-08 23:00:57 [Level 25] X 
2023-11-08 23:01:00 [Level 25] X 
2023-11-08 23:01:03 [Level 25] X 
2023-11-08 23:01:03 [Level 25] 

2023-11-08 23:01:03 [Level 25] usr -> 
2023-11-08 23:01:06 [Level 25] X 
2023-11-08 23:01:09 [Level 25] X 
2023-11-08 23:01:12 [Level 25] X 
2023-11-08 23:01:15 [Level 25] X 
2023-11-08 23:01:18 [Level 25] X 
2023-11-08 23:01:22 [Level 25] X 
2023-11-08 23:01:22 [Level 25] 

2023-11-08 23:01:22 [Level 25] at1 -> 
2023-11-08 23:01:25 [Level 25] X 
2023-11-08 23:01:28 [Level 25] X 
2023-11-08 23:01:31 [Level 25] X 
2023-11-08 23:01:34 [Level 25] X 
2023-11-08 23:01:37 [Level 25] X 
2023-11-08 23:01:40 [Level 25] X 
2023-11-08 23:01:40 [Level 25] 

2023-11-08 23:01:40 [Level 25] at2 -> 
2023-11-08 23:01:43 [Level 25] X 
2023-11-08 23:01:46 [Level 25] X 
2023-11-08 23:01:49 [Level 25] X 
2023-11-08 23:01:52 [Level 25] X 
2023-11-08 23:01:55 [Level 25] X 
2023-11-08 23:01:58 [Level 25] X 
2023-11-08 23:01:58 [Level 25] 

2023-11-08 23:01:58 [Level 25] at3 -> 
2023-11-08 23:02:01 [Level 25] X 
2023-11-08 23:02:05 [Level 25] X 
2023-11-08 23:02:08 [Level 25] X 
2023-11-08 23:02:11 [Level 25] X 
2023-11-08 23:02:14 [Level 25] X 
2023-11-08 23:02:17 [Level 25] X 
2023-11-08 23:02:17 [Level 25] 

2023-11-08 23:02:17 [Level 25] at4 -> 
2023-11-08 23:02:20 [Level 25] X 
2023-11-08 23:02:23 [Level 25] X 
2023-11-08 23:02:26 [Level 25] X 
2023-11-08 23:02:29 [Level 25] X 
2023-11-08 23:02:32 [Level 25] X 
2023-11-08 23:02:35 [Level 25] X 
2023-11-08 23:02:35 [Level 25] 

2023-11-08 23:02:35 [Level 25] at5 -> 
2023-11-08 23:02:38 [Level 25] X 
2023-11-08 23:02:41 [Level 25] X 
2023-11-08 23:02:44 [Level 25] X 
2023-11-08 23:02:48 [Level 25] X 
2023-11-08 23:02:51 [Level 25] X 
2023-11-08 23:02:54 [Level 25] X 
2023-11-08 23:02:54 [Level 25] 

2023-11-08 23:02:54 [Level 25] *** Results: 100% dropped (0/42 received)

2023-11-08 23:08:03 [Level 25] 

